<?xml version="1.0" encoding="UTF-8"?>
<!-- Generated by org.testng.reporters.JUnitXMLReporter -->
<testsuite ignored="2" hostname="ROS-262" failures="0" tests="1" name="Default test(failed)" time="13.462" errors="0" timestamp="2022-11-29T20:14:29 IST">
  <testcase classname="crmtest.LoginPageTest" name="validateLoginPageTitleTest" time="0.046"/>
  <testcase classname="crmtest.LoginPageTest" name="validateLoginTest" time="0.0">
    <ignored/>
  </testcase> <!-- validateLoginTest -->
  <testcase classname="crmtest.LoginPageTest" name="validateLoginPageLogoTest" time="0.0">
    <ignored/>
  </testcase> <!-- validateLoginPageLogoTest -->
</testsuite> <!-- Default test(failed) -->
