<?xml version="1.0" encoding="UTF-8"?>
<!-- Generated by org.testng.reporters.JUnitXMLReporter -->
<testsuite hostname="DESKTOP-QA7T95C" ignored="1" name="Default test" tests="1" failures="0" timestamp="2022-11-09T21:39:55 IST" time="45.915" errors="0">
  <testcase name="validateDemoTest" time="0.01" classname="crmtest.ContactPageTest"/>
  <testcase name="validateCreateContactTest" time="0.0" classname="crmtest.ContactPageTest">
    <ignored/>
  </testcase> <!-- validateCreateContactTest -->
</testsuite> <!-- Default test -->
