<?xml version="1.0" encoding="UTF-8"?>
<!-- Generated by org.testng.reporters.JUnitXMLReporter -->
<testsuite hostname="DESKTOP-J2EROR9" ignored="0" name="RegressionTest" tests="10" failures="1" timestamp="2022-11-16T01:12:31 IST" time="220.881" errors="0">
  <testcase name="validateLoginTest" time="4.871" classname="crmtest.LoginPageTest"/>
  <testcase name="validateLoginPageLogoTest" time="0.068" classname="crmtest.LoginPageTest"/>
  <testcase name="validateLoginPageTitleTest" time="0.02" classname="crmtest.LoginPageTest"/>
  <testcase name="validateCreateCompanyLinkRedirection" time="1.894" classname="crmtest.HomePageTest"/>
  <testcase name="validateCreateContactLinkRedirection" time="2.013" classname="crmtest.HomePageTest"/>
  <testcase name="validateLogoutTest" time="0.873" classname="crmtest.HomePageTest"/>
  <testcase name="validateCreateContactTest" time="0.0" classname="crmtest.ContactPageTest">
    <skipped/>
  </testcase> <!-- validateCreateContactTest -->
  <testcase name="validateDemoTest" time="0.0" classname="crmtest.ContactPageTest"/>
  <testcase name="validateCompanyTest" time="0.001" classname="crmtest.CompanPageTest"/>
  <testcase name="validatenewdealTest" time="0.001" classname="crmtest.DealPageTest">
    <failure type="java.lang.NullPointerException">
      <![CDATA[java.lang.NullPointerException
at crmpages.DealPage.newdealentry(DealPage.java:35)
at crmtest.DealPageTest.validatenewdealTest(DealPageTest.java:35)
at java.util.ArrayList.forEach(Unknown Source)
... Removed 27 stack frames]]>
    </failure>
  </testcase> <!-- validatenewdealTest -->
</testsuite> <!-- RegressionTest -->
