<?xml version="1.0" encoding="UTF-8"?>
<!-- Generated by org.testng.reporters.JUnitXMLReporter -->
<testsuite ignored="0" hostname="ROS-262" failures="1" tests="12" name="RegressionTest" time="417.127" errors="0" timestamp="2022-11-15T01:07:20 IST">
  <testcase classname="crmtest.LoginPageTest" name="validateLoginTest" time="46.782"/>
  <testcase classname="crmtest.LoginPageTest" name="validateLoginPageLogoTest" time="1.823"/>
  <testcase classname="crmtest.LoginPageTest" name="validateLoginPageTitleTest" time="0.29">
    <failure type="java.lang.AssertionError" message="expected [Free CRM - CRM software for customer relationship management, sales, and support.] but found [CRMPRO - CRM software for customer relationship management, sales, and support.]">
      <![CDATA[java.lang.AssertionError: expected [Free CRM - CRM software for customer relationship management, sales, and support.] but found [CRMPRO - CRM software for customer relationship management, sales, and support.]
at crmtest.LoginPageTest.validateLoginPageTitleTest(LoginPageTest.java:47)
at java.base/java.util.ArrayList.forEach(ArrayList.java:1511)
... Removed 31 stack frames]]>
    </failure>
  </testcase> <!-- validateLoginPageTitleTest -->
  <testcase classname="crmtest.HomePageTest" name="validateCreateCompanyLinkRedirection" time="4.123"/>
  <testcase classname="crmtest.HomePageTest" name="validateCreateContactLinkRedirection" time="2.592"/>
  <testcase classname="crmtest.HomePageTest" name="validateCreateTaskLinkRedirection" time="2.707"/>
  <testcase classname="crmtest.HomePageTest" name="validateLogoutTest" time="1.324"/>
  <testcase classname="crmtest.ContactPageTest" name="validateCreateContactTest" time="0.0">
    <skipped/>
  </testcase> <!-- validateCreateContactTest -->
  <testcase classname="crmtest.ContactPageTest" name="validateDemoTest" time="0.003"/>
  <testcase classname="crmtest.CompanPageTest" name="validateCompanyTest" time="0.001"/>
  <testcase classname="crmtest.DealPageTest" name="validateDealTest" time="0.001"/>
  <testcase classname="crmtest.TaskPageTest" name="validateTaskPageTest" time="2.827"/>
</testsuite> <!-- RegressionTest -->
