<?xml version="1.0" encoding="UTF-8"?>
<!-- Generated by org.testng.reporters.JUnitXMLReporter -->
<testsuite hostname="DESKTOP-S4S7MQK" ignored="0" name="RegressionTest" tests="24" failures="0" timestamp="2022-11-10T11:18:39 IST" time="887.856" errors="0">
  <testcase name="validateNewComponyTest" time="2.936" classname="crmprotest.NewComponyPageTest"/>
  <testcase name="validateDealTest" time="3.87" classname="crmprotest.NewDealPageTest"/>
  <testcase name="ValidateCreateContactTest" time="2.582" classname="crmprotest.NewContactPageTest"/>
  <testcase name="ValidateCreateContactTest" time="2.54" classname="crmprotest.NewContactPageTest"/>
  <testcase name="ValidateCreateContactTest" time="2.589" classname="crmprotest.NewContactPageTest"/>
  <testcase name="ValidateCreateContactTest" time="3.206" classname="crmprotest.NewContactPageTest"/>
  <testcase name="ValidateCreateContactTest" time="2.571" classname="crmprotest.NewContactPageTest"/>
  <testcase name="ValidateCreateContactTest" time="2.512" classname="crmprotest.NewContactPageTest"/>
  <testcase name="validateDealTest" time="0.0" classname="crmprotest.NewTaskPageTest"/>
  <testcase name="validateLoginPageTest" time="9.264" classname="crmprotest.LoginPageTest"/>
  <testcase name="validateLogoImgTest" time="0.059" classname="crmprotest.LoginPageTest"/>
  <testcase name="validateGetTitleTest" time="0.004" classname="crmprotest.LoginPageTest"/>
  <testcase name="validateForgetPasswordTest" time="7.368" classname="crmprotest.LoginPageTest"/>
  <testcase name="validateNewEventTest" time="3.66" classname="crmprotest.NewEventPageTest"/>
  <testcase name="validateLogoutBtnTest" time="1.614" classname="crmprotest.HomePageTest"/>
  <testcase name="validateDisplayedLogoTest" time="0.019" classname="crmprotest.HomePageTest"/>
  <testcase name="validateUserNameTest" time="0.015" classname="crmprotest.HomePageTest"/>
  <testcase name="validateHomeLinkTest" time="2.084" classname="crmprotest.HomePageTest"/>
  <testcase name="validateCalenderlinktest" time="2.866" classname="crmprotest.HomePageTest"/>
  <testcase name="validateComponyLinkTest" time="2.302" classname="crmprotest.HomePageTest"/>
  <testcase name="validateContactLinkTest" time="2.836" classname="crmprotest.HomePageTest"/>
  <testcase name="validateDealLinkTest" time="2.8" classname="crmprotest.HomePageTest"/>
  <testcase name="validateSetUpLinkTest" time="1.908" classname="crmprotest.HomePageTest"/>
  <testcase name="validateTaskLinkTest" time="3.199" classname="crmprotest.HomePageTest"/>
</testsuite> <!-- RegressionTest -->
